Arguments: 
  /usr/local/Cellar/node/14.3.0_1/bin/node /usr/local/Cellar/yarn/1.22.4/libexec/bin/yarn.js init

PATH: 
  /Users/andrew/bin/google-cloud-sdk/bin:/Users/andrew/.gvm/pkgsets/go1.13/global/bin:/Users/andrew/.gvm/gos/go1.13/bin:/Users/andrew/.gvm/pkgsets/go1.13/global/overlay/bin:/Users/andrew/.gvm/bin:/Users/andrew/.gvm/bin:/Users/andrew/.rbenv/shims:/Users/andrew/.cargo/bin:/usr/local/bin:/usr/bin:/bin:/usr/sbin:/sbin:/Users/andrew/bin:/Users/andrew/development/installations/flutter/bin

Yarn version: 
  1.22.4

Node version: 
  14.3.0

Platform: 
  darwin x64

Trace: 
  Error: canceled
      at Interface.<anonymous> (/usr/local/Cellar/yarn/1.22.4/libexec/lib/cli.js:137008:13)
      at Interface.emit (events.js:315:20)
      at Interface._ttyWrite (readline.js:873:16)
      at ReadStream.onkeypress (readline.js:213:10)
      at ReadStream.emit (events.js:315:20)
      at emitKeys (internal/readline/utils.js:335:14)
      at emitKeys.next (<anonymous>)
      at ReadStream.onData (readline.js:1140:36)
      at ReadStream.emit (events.js:315:20)
      at addChunk (_stream_readable.js:302:12)

npm manifest: 
  No manifest

yarn manifest: 
  No manifest

Lockfile: 
  No lockfile
